<?xml version="1.0" encoding="UTF-8"?>
<!-- Generated by org.testng.reporters.JUnitReportReporter -->
<testsuite hostname="LAPTOP-FUHBC40J" failures="0" tests="1" name="testscripts.SubCategoriesTest" time="6.437" errors="0" timestamp="2025-04-04T01:55:44 IST" skipped="0">
  <testcase classname="testscripts.SubCategoriesTest" name="verifyWhetherUserIsAbleToViewSubCategoryPage" time="6.437"/>
</testsuite> <!-- testscripts.SubCategoriesTest -->
