<?xml version="1.0" encoding="UTF-8"?>
<!-- Generated by org.testng.reporters.JUnitReportReporter -->
<testsuite hostname="LAPTOP-FUHBC40J" failures="0" tests="1" name="testscripts.ManageNewsTest" time="4.727" errors="0" timestamp="2025-04-04T01:56:07 IST" skipped="0">
  <testcase classname="testscripts.ManageNewsTest" name="verifyWhetherUserIsAbleToViewManageNewsPage" time="4.727"/>
</testsuite> <!-- testscripts.ManageNewsTest -->
